2023-05-11 10:12:42.890 [main] DEBUG io.netty.util.internal.logging.InternalLoggerFactory - Using Log4J2 as the default logging framework
2023-05-11 10:12:42.893 [main] DEBUG io.netty.util.ResourceLeakDetector - -Dio.netty.leakDetection.level: simple
2023-05-11 10:12:42.893 [main] DEBUG io.netty.util.ResourceLeakDetector - -Dio.netty.leakDetection.targetRecords: 4
2023-05-11 10:12:42.895 [main] DEBUG io.netty.util.ResourceLeakDetectorFactory - Loaded default ResourceLeakDetector: io.netty.util.ResourceLeakDetector@4a325eb9
2023-05-11 10:12:42.902 [main] DEBUG io.netty.util.internal.PlatformDependent0 - -Dio.netty.noUnsafe: false
2023-05-11 10:12:42.902 [main] DEBUG io.netty.util.internal.PlatformDependent0 - Java version: 20
2023-05-11 10:12:42.903 [main] DEBUG io.netty.util.internal.PlatformDependent0 - sun.misc.Unsafe.theUnsafe: available
2023-05-11 10:12:42.903 [main] DEBUG io.netty.util.internal.PlatformDependent0 - sun.misc.Unsafe.copyMemory: available
2023-05-11 10:12:42.903 [main] DEBUG io.netty.util.internal.PlatformDependent0 - sun.misc.Unsafe.storeFence: available
2023-05-11 10:12:42.904 [main] DEBUG io.netty.util.internal.PlatformDependent0 - java.nio.Buffer.address: available
2023-05-11 10:12:42.904 [main] DEBUG io.netty.util.internal.PlatformDependent0 - direct buffer constructor: unavailable: Reflective setAccessible(true) disabled
2023-05-11 10:12:42.904 [main] DEBUG io.netty.util.internal.PlatformDependent0 - java.nio.Bits.unaligned: available, true
2023-05-11 10:12:42.905 [main] DEBUG io.netty.util.internal.PlatformDependent0 - jdk.internal.misc.Unsafe.allocateUninitializedArray(int): unavailable: class io.netty.util.internal.PlatformDependent0$7 cannot access class jdk.internal.misc.Unsafe (in module java.base) because module java.base does not export jdk.internal.misc to unnamed module @20e2cbe0
2023-05-11 10:12:42.905 [main] DEBUG io.netty.util.internal.PlatformDependent0 - java.nio.DirectByteBuffer.<init>(long, int): unavailable
2023-05-11 10:12:42.905 [main] DEBUG io.netty.util.internal.PlatformDependent - sun.misc.Unsafe: available
2023-05-11 10:12:42.906 [main] DEBUG io.netty.util.internal.PlatformDependent - maxDirectMemory: 4294967296 bytes (maybe)
2023-05-11 10:12:42.906 [main] DEBUG io.netty.util.internal.PlatformDependent - -Dio.netty.tmpdir: /var/folders/jq/h9d02j955d50glwp9j3cs14w0000gn/T (java.io.tmpdir)
2023-05-11 10:12:42.906 [main] DEBUG io.netty.util.internal.PlatformDependent - -Dio.netty.bitMode: 64 (sun.arch.data.model)
2023-05-11 10:12:42.906 [main] DEBUG io.netty.util.internal.PlatformDependent - Platform: MacOS
2023-05-11 10:12:42.906 [main] DEBUG io.netty.util.internal.PlatformDependent - -Dio.netty.maxDirectMemory: -1 bytes
2023-05-11 10:12:42.907 [main] DEBUG io.netty.util.internal.PlatformDependent - -Dio.netty.uninitializedArrayAllocationThreshold: -1
2023-05-11 10:12:42.907 [main] DEBUG io.netty.util.internal.CleanerJava9 - java.nio.ByteBuffer.cleaner(): available
2023-05-11 10:12:42.907 [main] DEBUG io.netty.util.internal.PlatformDependent - -Dio.netty.noPreferDirect: false
2023-05-11 10:12:42.910 [main] DEBUG io.netty.util.internal.PlatformDependent - org.jctools-core.MpscChunkedArrayQueue: available
2023-05-11 10:12:42.920 [main] DEBUG io.netty.util.internal.InternalThreadLocalMap - -Dio.netty.threadLocalMap.stringBuilder.initialSize: 1024
2023-05-11 10:12:42.920 [main] DEBUG io.netty.util.internal.InternalThreadLocalMap - -Dio.netty.threadLocalMap.stringBuilder.maxSize: 4096
2023-05-11 10:12:42.940 [main] DEBUG io.netty.handler.ssl.JdkSslContext - Default protocols (JDK): [TLSv1.3, TLSv1.2] 
2023-05-11 10:12:42.940 [main] DEBUG io.netty.handler.ssl.JdkSslContext - Default cipher suites (JDK): [TLS_ECDHE_ECDSA_WITH_AES_256_GCM_SHA384, TLS_ECDHE_ECDSA_WITH_AES_128_GCM_SHA256, TLS_ECDHE_RSA_WITH_AES_128_GCM_SHA256, TLS_ECDHE_RSA_WITH_AES_256_GCM_SHA384, TLS_ECDHE_RSA_WITH_AES_128_CBC_SHA, TLS_ECDHE_RSA_WITH_AES_256_CBC_SHA, TLS_RSA_WITH_AES_128_GCM_SHA256, TLS_RSA_WITH_AES_128_CBC_SHA, TLS_RSA_WITH_AES_256_CBC_SHA, TLS_AES_128_GCM_SHA256, TLS_AES_256_GCM_SHA384]
2023-05-11 10:12:42.945 [main] DEBUG io.netty.util.concurrent.GlobalEventExecutor - -Dio.netty.globalEventExecutor.quietPeriodSeconds: 1
2023-05-11 10:12:42.954 [main] DEBUG io.netty.channel.MultithreadEventLoopGroup - -Dio.netty.eventLoopThreads: 16
2023-05-11 10:12:42.959 [main] DEBUG io.netty.channel.nio.NioEventLoop - -Dio.netty.noKeySetOptimization: false
2023-05-11 10:12:42.959 [main] DEBUG io.netty.channel.nio.NioEventLoop - -Dio.netty.selectorAutoRebuildThreshold: 512
2023-05-11 10:12:42.973 [main] DEBUG io.netty.buffer.PooledByteBufAllocator - -Dio.netty.allocator.numHeapArenas: 16
2023-05-11 10:12:42.973 [main] DEBUG io.netty.buffer.PooledByteBufAllocator - -Dio.netty.allocator.numDirectArenas: 16
2023-05-11 10:12:42.973 [main] DEBUG io.netty.buffer.PooledByteBufAllocator - -Dio.netty.allocator.pageSize: 8192
2023-05-11 10:12:42.973 [main] DEBUG io.netty.buffer.PooledByteBufAllocator - -Dio.netty.allocator.maxOrder: 9
2023-05-11 10:12:42.973 [main] DEBUG io.netty.buffer.PooledByteBufAllocator - -Dio.netty.allocator.chunkSize: 4194304
2023-05-11 10:12:42.973 [main] DEBUG io.netty.buffer.PooledByteBufAllocator - -Dio.netty.allocator.smallCacheSize: 256
2023-05-11 10:12:42.973 [main] DEBUG io.netty.buffer.PooledByteBufAllocator - -Dio.netty.allocator.normalCacheSize: 64
2023-05-11 10:12:42.973 [main] DEBUG io.netty.buffer.PooledByteBufAllocator - -Dio.netty.allocator.maxCachedBufferCapacity: 32768
2023-05-11 10:12:42.973 [main] DEBUG io.netty.buffer.PooledByteBufAllocator - -Dio.netty.allocator.cacheTrimInterval: 8192
2023-05-11 10:12:42.974 [main] DEBUG io.netty.buffer.PooledByteBufAllocator - -Dio.netty.allocator.cacheTrimIntervalMillis: 0
2023-05-11 10:12:42.974 [main] DEBUG io.netty.buffer.PooledByteBufAllocator - -Dio.netty.allocator.useCacheForAllThreads: false
2023-05-11 10:12:42.974 [main] DEBUG io.netty.buffer.PooledByteBufAllocator - -Dio.netty.allocator.maxCachedByteBuffersPerChunk: 1023
2023-05-11 10:12:42.978 [main] DEBUG io.netty.buffer.ByteBufUtil - -Dio.netty.allocator.type: pooled
2023-05-11 10:12:42.978 [main] DEBUG io.netty.buffer.ByteBufUtil - -Dio.netty.threadLocalDirectBufferSize: 0
2023-05-11 10:12:42.978 [main] DEBUG io.netty.buffer.ByteBufUtil - -Dio.netty.maxThreadLocalCharBufferSize: 16384
2023-05-11 10:12:43.120 [Forwarding newSession on session null to remote] DEBUG io.netty.channel.DefaultChannelId - -Dio.netty.processId: 15203 (auto-detected)
2023-05-11 10:12:43.121 [Forwarding newSession on session null to remote] DEBUG io.netty.util.NetUtil - -Djava.net.preferIPv4Stack: false
2023-05-11 10:12:43.121 [Forwarding newSession on session null to remote] DEBUG io.netty.util.NetUtil - -Djava.net.preferIPv6Addresses: false
2023-05-11 10:12:43.124 [Forwarding newSession on session null to remote] DEBUG io.netty.util.NetUtilInitializations - Loopback interface: lo0 (lo0, 0:0:0:0:0:0:0:1%lo0)
2023-05-11 10:12:43.125 [Forwarding newSession on session null to remote] DEBUG io.netty.util.NetUtil - Failed to get SOMAXCONN from sysctl and file /proc/sys/net/core/somaxconn. Default: 128
2023-05-11 10:12:43.126 [Forwarding newSession on session null to remote] DEBUG io.netty.channel.DefaultChannelId - -Dio.netty.machineId: bc:d0:74:ff:fe:1c:20:5b (auto-detected)
2023-05-11 10:12:43.143 [AsyncHttpClient-1-2] DEBUG io.netty.buffer.AbstractByteBuf - -Dio.netty.buffer.checkAccessible: true
2023-05-11 10:12:43.144 [AsyncHttpClient-1-2] DEBUG io.netty.buffer.AbstractByteBuf - -Dio.netty.buffer.checkBounds: true
2023-05-11 10:12:43.144 [AsyncHttpClient-1-2] DEBUG io.netty.util.ResourceLeakDetectorFactory - Loaded default ResourceLeakDetector: io.netty.util.ResourceLeakDetector@7cb3e558
2023-05-11 10:12:43.154 [AsyncHttpClient-1-2] DEBUG io.netty.util.Recycler - -Dio.netty.recycler.maxCapacityPerThread: 4096
2023-05-11 10:12:43.154 [AsyncHttpClient-1-2] DEBUG io.netty.util.Recycler - -Dio.netty.recycler.ratio: 8
2023-05-11 10:12:43.154 [AsyncHttpClient-1-2] DEBUG io.netty.util.Recycler - -Dio.netty.recycler.chunkSize: 32
2023-05-11 10:12:43.154 [AsyncHttpClient-1-2] DEBUG io.netty.util.Recycler - -Dio.netty.recycler.blocking: false
2023-05-11 10:12:43.154 [AsyncHttpClient-1-2] DEBUG io.netty.util.Recycler - -Dio.netty.recycler.batchFastThreadLocalOnly: true
2023-05-11 10:12:44.406 [AsyncHttpClient-1-2] DEBUG io.netty.handler.codec.compression.Brotli - brotli4j not in the classpath; Brotli support will be unavailable.
2023-05-11 10:12:44.440 [main] DEBUG io.netty.util.internal.ThreadLocalRandom - -Dio.netty.initialSeedUniquifier: 0x63ed70edb86362b6
2023-05-11 10:12:48.340 [main] INFO  Pages.HomePage - Main page was opened
2023-05-11 10:12:49.454 [main] INFO  Pages.BooksResultsPage - Books Results was opened
2023-05-11 10:12:50.283 [main] INFO  Pages.BooksResultsPage - Books Results was opened
2023-05-11 10:12:50.659 [main] INFO  Pages.ProductPage - Page of Product was opened
2023-05-11 10:12:51.020 [main] INFO  Pages.ProductPage - Changed on hardcover format
2023-05-11 10:12:52.400 [main] INFO  Pages.ProductPage - Quantity was chosen and we navigate to Cart
2023-05-11 10:12:53.619 [main] INFO  Pages.CartPage - Cart_Page was opened
2023-05-11 10:12:59.411 [main] INFO  Pages.CartPage - Quantity was successfully updated for 6 books price is - 203,94
